{"numFailedTestSuites":1,"numFailedTests":1,"numPassedTestSuites":9,"numPassedTests":57,"numPendingTestSuites":0,"numPendingTests":0,"numRuntimeErrorTestSuites":0,"numTodoTests":0,"numTotalTestSuites":10,"numTotalTests":58,"openHandles":[],"snapshot":{"added":0,"didUpdate":false,"failure":false,"filesAdded":0,"filesRemoved":0,"filesRemovedList":[],"filesUnmatched":0,"filesUpdated":0,"matched":0,"total":0,"unchecked":0,"uncheckedKeysByFile":[],"unmatched":0,"updated":0},"startTime":1769442638068,"success":false,"testResults":[{"assertionResults":[{"ancestorTitles":["HomeScreen"],"duration":29,"failureDetails":[{}],"failureMessages":["Error: Unable to find an element with testID: article-card-skeleton\n\n\u001b[36m<View>\u001b[39m\n  \u001b[36m<View>\u001b[39m\n    \u001b[36m<View>\u001b[39m\n      \u001b[36m<View>\u001b[39m\n        \u001b[36m<View>\u001b[39m\n          \u001b[36m<View\u001b[39m\n            \u001b[33mtestID\u001b[39m=\u001b[32m\"lucide-icon\"\u001b[39m\n          \u001b[36m/>\u001b[39m\n          \u001b[36m<Text>\u001b[39m\n            \u001b[0mTop Stories\u001b[0m\n          \u001b[36m</Text>\u001b[39m\n        \u001b[36m</View>\u001b[39m\n      \u001b[36m</View>\u001b[39m\n    \u001b[36m</View>\u001b[39m\n    \u001b[36m<View>\u001b[39m\n      \u001b[36m<Text>\u001b[39m\n        \u001b[0mFetching top stories…\u001b[0m\n      \u001b[36m</Text>\u001b[39m\n    \u001b[36m</View>\u001b[39m\n  \u001b[36m</View>\u001b[39m\n\u001b[36m</View>\u001b[39m\n    at Object.getAllByTestId (/Users/mccal/CodingShenanigans/abridged/src/screens/__tests__/HomeScreen.test.tsx:151:12)\n    at Promise.then.completed (/Users/mccal/CodingShenanigans/abridged/node_modules/jest-circus/build/utils.js:298:28)\n    at new Promise (<anonymous>)\n    at callAsyncCircusFn (/Users/mccal/CodingShenanigans/abridged/node_modules/jest-circus/build/utils.js:231:10)\n    at _callCircusTest (/Users/mccal/CodingShenanigans/abridged/node_modules/jest-circus/build/run.js:316:40)\n    at _runTest (/Users/mccal/CodingShenanigans/abridged/node_modules/jest-circus/build/run.js:252:3)\n    at _runTestsForDescribeBlock (/Users/mccal/CodingShenanigans/abridged/node_modules/jest-circus/build/run.js:126:9)\n    at _runTestsForDescribeBlock (/Users/mccal/CodingShenanigans/abridged/node_modules/jest-circus/build/run.js:121:9)\n    at run (/Users/mccal/CodingShenanigans/abridged/node_modules/jest-circus/build/run.js:71:3)\n    at runAndTransformResultsToJestFormat (/Users/mccal/CodingShenanigans/abridged/node_modules/jest-circus/build/legacy-code-todo-rewrite/jestAdapterInit.js:122:21)\n    at jestAdapter (/Users/mccal/CodingShenanigans/abridged/node_modules/jest-circus/build/legacy-code-todo-rewrite/jestAdapter.js:79:19)\n    at runTestInternal (/Users/mccal/CodingShenanigans/abridged/node_modules/jest-runner/build/runTest.js:367:16)\n    at runTest (/Users/mccal/CodingShenanigans/abridged/node_modules/jest-runner/build/runTest.js:444:34)"],"fullName":"HomeScreen renders loading skeletons initially","invocations":1,"location":null,"numPassingAsserts":0,"retryReasons":[],"status":"failed","title":"renders loading skeletons initially"},{"ancestorTitles":["HomeScreen"],"duration":55,"failureDetails":[],"failureMessages":[],"fullName":"HomeScreen displays fetched headlines","invocations":1,"location":null,"numPassingAsserts":1,"retryReasons":[],"status":"passed","title":"displays fetched headlines"},{"ancestorTitles":["HomeScreen"],"duration":67,"failureDetails":[],"failureMessages":[],"fullName":"HomeScreen shows error state when fetch fails","invocations":1,"location":null,"numPassingAsserts":2,"retryReasons":[],"status":"passed","title":"shows error state when fetch fails"},{"ancestorTitles":["HomeScreen"],"duration":113,"failureDetails":[],"failureMessages":[],"fullName":"HomeScreen refreshes the feed via pull-to-refresh","invocations":1,"location":null,"numPassingAsserts":3,"retryReasons":[],"status":"passed","title":"refreshes the feed via pull-to-refresh"},{"ancestorTitles":["HomeScreen"],"duration":66,"failureDetails":[],"failureMessages":[],"fullName":"HomeScreen shows continue reading items and toggles Show all","invocations":1,"location":null,"numPassingAsserts":2,"retryReasons":[],"status":"passed","title":"shows continue reading items and toggles Show all"}],"endTime":1769442638943,"message":"\u001b[1m\u001b[31m  \u001b[1m● \u001b[22m\u001b[1mHomeScreen › renders loading skeletons initially\u001b[39m\u001b[22m\n\n    Unable to find an element with testID: article-card-skeleton\n\n    \u001b[36m<View>\u001b[39m\n      \u001b[36m<View>\u001b[39m\n        \u001b[36m<View>\u001b[39m\n          \u001b[36m<View>\u001b[39m\n            \u001b[36m<View>\u001b[39m\n              \u001b[36m<View\u001b[39m\n                \u001b[33mtestID\u001b[39m=\u001b[32m\"lucide-icon\"\u001b[39m\n              \u001b[36m/>\u001b[39m\n              \u001b[36m<Text>\u001b[39m\n                \u001b[0mTop Stories\u001b[0m\n              \u001b[36m</Text>\u001b[39m\n            \u001b[36m</View>\u001b[39m\n          \u001b[36m</View>\u001b[39m\n        \u001b[36m</View>\u001b[39m\n        \u001b[36m<View>\u001b[39m\n          \u001b[36m<Text>\u001b[39m\n            \u001b[0mFetching top stories…\u001b[0m\n          \u001b[36m</Text>\u001b[39m\n        \u001b[36m</View>\u001b[39m\n      \u001b[36m</View>\u001b[39m\n    \u001b[36m</View>\u001b[39m\n\u001b[2m\u001b[22m\n\u001b[2m    \u001b[0m \u001b[90m 149 |\u001b[39m   it(\u001b[32m\"renders loading skeletons initially\"\u001b[39m\u001b[33m,\u001b[39m () \u001b[33m=>\u001b[39m {\u001b[22m\n\u001b[2m     \u001b[90m 150 |\u001b[39m     \u001b[36mconst\u001b[39m { getAllByTestId } \u001b[33m=\u001b[39m renderScreen()\u001b[33m;\u001b[39m\u001b[22m\n\u001b[2m    \u001b[31m\u001b[1m>\u001b[22m\u001b[2m\u001b[39m\u001b[90m 151 |\u001b[39m     expect(getAllByTestId(\u001b[32m\"article-card-skeleton\"\u001b[39m)\u001b[33m.\u001b[39mlength)\u001b[33m.\u001b[39mtoBeGreaterThan(\u001b[35m0\u001b[39m)\u001b[33m;\u001b[39m\u001b[22m\n\u001b[2m     \u001b[90m     |\u001b[39m            \u001b[31m\u001b[1m^\u001b[22m\u001b[2m\u001b[39m\u001b[22m\n\u001b[2m     \u001b[90m 152 |\u001b[39m   })\u001b[33m;\u001b[39m\u001b[22m\n\u001b[2m     \u001b[90m 153 |\u001b[39m\u001b[22m\n\u001b[2m     \u001b[90m 154 |\u001b[39m   it(\u001b[32m\"displays fetched headlines\"\u001b[39m\u001b[33m,\u001b[39m \u001b[36masync\u001b[39m () \u001b[33m=>\u001b[39m {\u001b[0m\u001b[22m\n\u001b[2m\u001b[22m\n\u001b[2m      \u001b[2mat Object.getAllByTestId (\u001b[22m\u001b[2m\u001b[0m\u001b[36msrc/screens/__tests__/HomeScreen.test.tsx\u001b[39m\u001b[0m\u001b[2m:151:12)\u001b[22m\u001b[2m\u001b[22m\n","name":"/Users/mccal/CodingShenanigans/abridged/src/screens/__tests__/HomeScreen.test.tsx","startTime":1769442638128,"status":"failed","summary":""},{"assertionResults":[{"ancestorTitles":["SavedArticlesContext"],"duration":59,"failureDetails":[],"failureMessages":[],"fullName":"SavedArticlesContext should provide context to consumers","invocations":1,"location":null,"numPassingAsserts":1,"retryReasons":[],"status":"passed","title":"should provide context to consumers"},{"ancestorTitles":["SavedArticlesContext"],"duration":54,"failureDetails":[],"failureMessages":[],"fullName":"SavedArticlesContext should load articles from storage on init","invocations":1,"location":null,"numPassingAsserts":2,"retryReasons":[],"status":"passed","title":"should load articles from storage on init"},{"ancestorTitles":["SavedArticlesContext"],"duration":54,"failureDetails":[],"failureMessages":[],"fullName":"SavedArticlesContext should mark migration complete on first init","invocations":1,"location":null,"numPassingAsserts":1,"retryReasons":[],"status":"passed","title":"should mark migration complete on first init"},{"ancestorTitles":["SavedArticlesContext"],"duration":54,"failureDetails":[],"failureMessages":[],"fullName":"SavedArticlesContext should handle load errors gracefully","invocations":1,"location":null,"numPassingAsserts":2,"retryReasons":[],"status":"passed","title":"should handle load errors gracefully"},{"ancestorTitles":["SavedArticlesContext"],"duration":55,"failureDetails":[],"failureMessages":[],"fullName":"SavedArticlesContext should prevent duplicate articles when saving","invocations":1,"location":null,"numPassingAsserts":2,"retryReasons":[],"status":"passed","title":"should prevent duplicate articles when saving"},{"ancestorTitles":["SavedArticlesContext"],"duration":6,"failureDetails":[],"failureMessages":[],"fullName":"SavedArticlesContext should auto-save to storage when articles change","invocations":1,"location":null,"numPassingAsserts":2,"retryReasons":[],"status":"passed","title":"should auto-save to storage when articles change"},{"ancestorTitles":["SavedArticlesContext"],"duration":7,"failureDetails":[],"failureMessages":[],"fullName":"SavedArticlesContext should handle save errors and update error state","invocations":1,"location":null,"numPassingAsserts":2,"retryReasons":[],"status":"passed","title":"should handle save errors and update error state"},{"ancestorTitles":["SavedArticlesContext"],"duration":12,"failureDetails":[],"failureMessages":[],"fullName":"SavedArticlesContext should throw error when hook is used outside provider","invocations":1,"location":null,"numPassingAsserts":1,"retryReasons":[],"status":"passed","title":"should throw error when hook is used outside provider"}],"endTime":1769442639330,"message":"","name":"/Users/mccal/CodingShenanigans/abridged/src/context/__tests__/SavedArticlesContext.test.tsx","startTime":1769442638973,"status":"passed","summary":""},{"assertionResults":[{"ancestorTitles":["getTabConfig"],"duration":1,"failureDetails":[],"failureMessages":[],"fullName":"getTabConfig includes Profile tab in minimal layout and stays within 5 tabs","invocations":1,"location":null,"numPassingAsserts":3,"retryReasons":[],"status":"passed","title":"includes Profile tab in minimal layout and stays within 5 tabs"},{"ancestorTitles":["getTabConfig"],"duration":0,"failureDetails":[],"failureMessages":[],"fullName":"getTabConfig includes Profile tab in comprehensive layout and stays within 8 options","invocations":1,"location":null,"numPassingAsserts":2,"retryReasons":[],"status":"passed","title":"includes Profile tab in comprehensive layout and stays within 8 options"}],"endTime":1769442639664,"message":"","name":"/Users/mccal/CodingShenanigans/abridged/src/navigation/__tests__/RootNavigator.test.tsx","startTime":1769442639337,"status":"passed","summary":""},{"assertionResults":[{"ancestorTitles":["SectionScreen"],"duration":65,"failureDetails":[],"failureMessages":[],"fullName":"SectionScreen shows updated timestamp after load","invocations":1,"location":null,"numPassingAsserts":1,"retryReasons":[],"status":"passed","title":"shows updated timestamp after load"},{"ancestorTitles":["SectionScreen"],"duration":117,"failureDetails":[],"failureMessages":[],"fullName":"SectionScreen refresh sets updated timestamp","invocations":1,"location":null,"numPassingAsserts":1,"retryReasons":[],"status":"passed","title":"refresh sets updated timestamp"}],"endTime":1769442639901,"message":"","name":"/Users/mccal/CodingShenanigans/abridged/src/screens/__tests__/SectionScreen.test.tsx","startTime":1769442639667,"status":"passed","summary":""},{"assertionResults":[{"ancestorTitles":["SavedScreen"],"duration":20,"failureDetails":[],"failureMessages":[],"fullName":"SavedScreen renders empty state when no saved articles","invocations":1,"location":null,"numPassingAsserts":4,"retryReasons":[],"status":"passed","title":"renders empty state when no saved articles"},{"ancestorTitles":["SavedScreen"],"duration":12,"failureDetails":[],"failureMessages":[],"fullName":"SavedScreen renders saved articles when present","invocations":1,"location":null,"numPassingAsserts":3,"retryReasons":[],"status":"passed","title":"renders saved articles when present"},{"ancestorTitles":["SavedScreen"],"duration":32,"failureDetails":[],"failureMessages":[],"fullName":"SavedScreen pull-to-refresh shows updated timestamp","invocations":1,"location":null,"numPassingAsserts":2,"retryReasons":[],"status":"passed","title":"pull-to-refresh shows updated timestamp"},{"ancestorTitles":["SavedScreen"],"duration":8,"failureDetails":[],"failureMessages":[],"fullName":"SavedScreen CTA navigates to Home tab for minimal layout","invocations":1,"location":null,"numPassingAsserts":1,"retryReasons":[],"status":"passed","title":"CTA navigates to Home tab for minimal layout"},{"ancestorTitles":["SavedScreen"],"duration":8,"failureDetails":[],"failureMessages":[],"fullName":"SavedScreen CTA navigates to Top tab for comprehensive layout","invocations":1,"location":null,"numPassingAsserts":1,"retryReasons":[],"status":"passed","title":"CTA navigates to Top tab for comprehensive layout"},{"ancestorTitles":["SavedScreen"],"duration":39,"failureDetails":[],"failureMessages":[],"fullName":"SavedScreen shows no-results state when search has no matches and clears filters","invocations":1,"location":null,"numPassingAsserts":3,"retryReasons":[],"status":"passed","title":"shows no-results state when search has no matches and clears filters"}],"endTime":1769442640092,"message":"","name":"/Users/mccal/CodingShenanigans/abridged/src/screens/__tests__/SavedScreen.test.tsx","startTime":1769442639905,"status":"passed","summary":""},{"assertionResults":[{"ancestorTitles":["Storage Utilities","serializeArticles"],"duration":0,"failureDetails":[],"failureMessages":[],"fullName":"Storage Utilities serializeArticles should serialize articles with schema version and timestamp","invocations":1,"location":null,"numPassingAsserts":5,"retryReasons":[],"status":"passed","title":"should serialize articles with schema version and timestamp"},{"ancestorTitles":["Storage Utilities","serializeArticles"],"duration":0,"failureDetails":[],"failureMessages":[],"fullName":"Storage Utilities serializeArticles should handle empty array","invocations":1,"location":null,"numPassingAsserts":3,"retryReasons":[],"status":"passed","title":"should handle empty array"},{"ancestorTitles":["Storage Utilities","serializeArticles"],"duration":0,"failureDetails":[],"failureMessages":[],"fullName":"Storage Utilities serializeArticles should handle multiple articles","invocations":1,"location":null,"numPassingAsserts":1,"retryReasons":[],"status":"passed","title":"should handle multiple articles"},{"ancestorTitles":["Storage Utilities","serializeArticles"],"duration":3,"failureDetails":[],"failureMessages":[],"fullName":"Storage Utilities serializeArticles should compress large payloads","invocations":1,"location":null,"numPassingAsserts":3,"retryReasons":[],"status":"passed","title":"should compress large payloads"},{"ancestorTitles":["Storage Utilities","deserializeArticles"],"duration":0,"failureDetails":[],"failureMessages":[],"fullName":"Storage Utilities deserializeArticles should deserialize valid articles","invocations":1,"location":null,"numPassingAsserts":1,"retryReasons":[],"status":"passed","title":"should deserialize valid articles"},{"ancestorTitles":["Storage Utilities","deserializeArticles"],"duration":8,"failureDetails":[],"failureMessages":[],"fullName":"Storage Utilities deserializeArticles should return empty array for invalid JSON","invocations":1,"location":null,"numPassingAsserts":1,"retryReasons":[],"status":"passed","title":"should return empty array for invalid JSON"},{"ancestorTitles":["Storage Utilities","deserializeArticles"],"duration":1,"failureDetails":[],"failureMessages":[],"fullName":"Storage Utilities deserializeArticles should return empty array for mismatched schema version","invocations":1,"location":null,"numPassingAsserts":1,"retryReasons":[],"status":"passed","title":"should return empty array for mismatched schema version"},{"ancestorTitles":["Storage Utilities","deserializeArticles"],"duration":0,"failureDetails":[],"failureMessages":[],"fullName":"Storage Utilities deserializeArticles should handle missing articles field","invocations":1,"location":null,"numPassingAsserts":1,"retryReasons":[],"status":"passed","title":"should handle missing articles field"},{"ancestorTitles":["Storage Utilities","deserializeArticles"],"duration":0,"failureDetails":[],"failureMessages":[],"fullName":"Storage Utilities deserializeArticles should handle legacy version 1 payloads","invocations":1,"location":null,"numPassingAsserts":1,"retryReasons":[],"status":"passed","title":"should handle legacy version 1 payloads"},{"ancestorTitles":["Storage Utilities","saveArticlesToStorage"],"duration":0,"failureDetails":[],"failureMessages":[],"fullName":"Storage Utilities saveArticlesToStorage should save articles to AsyncStorage","invocations":1,"location":null,"numPassingAsserts":1,"retryReasons":[],"status":"passed","title":"should save articles to AsyncStorage"},{"ancestorTitles":["Storage Utilities","saveArticlesToStorage"],"duration":33,"failureDetails":[],"failureMessages":[],"fullName":"Storage Utilities saveArticlesToStorage should retry on failure with exponential backoff","invocations":1,"location":null,"numPassingAsserts":2,"retryReasons":[],"status":"passed","title":"should retry on failure with exponential backoff"},{"ancestorTitles":["Storage Utilities","saveArticlesToStorage"],"duration":12,"failureDetails":[],"failureMessages":[],"fullName":"Storage Utilities saveArticlesToStorage should throw error after max retries","invocations":1,"location":null,"numPassingAsserts":1,"retryReasons":[],"status":"passed","title":"should throw error after max retries"},{"ancestorTitles":["Storage Utilities","loadArticlesFromStorage"],"duration":0,"failureDetails":[],"failureMessages":[],"fullName":"Storage Utilities loadArticlesFromStorage should load articles from AsyncStorage","invocations":1,"location":null,"numPassingAsserts":2,"retryReasons":[],"status":"passed","title":"should load articles from AsyncStorage"},{"ancestorTitles":["Storage Utilities","loadArticlesFromStorage"],"duration":0,"failureDetails":[],"failureMessages":[],"fullName":"Storage Utilities loadArticlesFromStorage should return empty array when storage is empty","invocations":1,"location":null,"numPassingAsserts":1,"retryReasons":[],"status":"passed","title":"should return empty array when storage is empty"},{"ancestorTitles":["Storage Utilities","loadArticlesFromStorage"],"duration":12,"failureDetails":[],"failureMessages":[],"fullName":"Storage Utilities loadArticlesFromStorage should retry on failure with exponential backoff","invocations":1,"location":null,"numPassingAsserts":2,"retryReasons":[],"status":"passed","title":"should retry on failure with exponential backoff"},{"ancestorTitles":["Storage Utilities","loadArticlesFromStorage"],"duration":12,"failureDetails":[],"failureMessages":[],"fullName":"Storage Utilities loadArticlesFromStorage should return empty array after max retries","invocations":1,"location":null,"numPassingAsserts":1,"retryReasons":[],"status":"passed","title":"should return empty array after max retries"},{"ancestorTitles":["Storage Utilities","isMigrationComplete"],"duration":0,"failureDetails":[],"failureMessages":[],"fullName":"Storage Utilities isMigrationComplete should return true if migration flag is set","invocations":1,"location":null,"numPassingAsserts":2,"retryReasons":[],"status":"passed","title":"should return true if migration flag is set"},{"ancestorTitles":["Storage Utilities","isMigrationComplete"],"duration":0,"failureDetails":[],"failureMessages":[],"fullName":"Storage Utilities isMigrationComplete should return false if migration flag is not set","invocations":1,"location":null,"numPassingAsserts":1,"retryReasons":[],"status":"passed","title":"should return false if migration flag is not set"},{"ancestorTitles":["Storage Utilities","isMigrationComplete"],"duration":1,"failureDetails":[],"failureMessages":[],"fullName":"Storage Utilities isMigrationComplete should return false on error","invocations":1,"location":null,"numPassingAsserts":1,"retryReasons":[],"status":"passed","title":"should return false on error"},{"ancestorTitles":["Storage Utilities","markMigrationComplete"],"duration":0,"failureDetails":[],"failureMessages":[],"fullName":"Storage Utilities markMigrationComplete should set migration flag","invocations":1,"location":null,"numPassingAsserts":1,"retryReasons":[],"status":"passed","title":"should set migration flag"},{"ancestorTitles":["Storage Utilities","markMigrationComplete"],"duration":0,"failureDetails":[],"failureMessages":[],"fullName":"Storage Utilities markMigrationComplete should handle errors gracefully","invocations":1,"location":null,"numPassingAsserts":1,"retryReasons":[],"status":"passed","title":"should handle errors gracefully"},{"ancestorTitles":["Storage Utilities","clearSavedArticles"],"duration":0,"failureDetails":[],"failureMessages":[],"fullName":"Storage Utilities clearSavedArticles should remove saved articles from storage","invocations":1,"location":null,"numPassingAsserts":1,"retryReasons":[],"status":"passed","title":"should remove saved articles from storage"},{"ancestorTitles":["Storage Utilities","clearSavedArticles"],"duration":0,"failureDetails":[],"failureMessages":[],"fullName":"Storage Utilities clearSavedArticles should throw error on failure","invocations":1,"location":null,"numPassingAsserts":1,"retryReasons":[],"status":"passed","title":"should throw error on failure"}],"endTime":1769442640212,"message":"","name":"/Users/mccal/CodingShenanigans/abridged/src/utils/__tests__/storage.test.ts","startTime":1769442640098,"status":"passed","summary":""},{"assertionResults":[{"ancestorTitles":["ArticleScreen sensitive gating"],"duration":7,"failureDetails":[],"failureMessages":[],"fullName":"ArticleScreen sensitive gating shows sensitive gating prompt when article triggers grounding","invocations":1,"location":null,"numPassingAsserts":3,"retryReasons":[],"status":"passed","title":"shows sensitive gating prompt when article triggers grounding"},{"ancestorTitles":["ArticleScreen sensitive gating"],"duration":6,"failureDetails":[],"failureMessages":[],"fullName":"ArticleScreen sensitive gating allows continuing without grounding","invocations":1,"location":null,"numPassingAsserts":2,"retryReasons":[],"status":"passed","title":"allows continuing without grounding"},{"ancestorTitles":["ArticleScreen sensitive gating"],"duration":3,"failureDetails":[],"failureMessages":[],"fullName":"ArticleScreen sensitive gating opens the grounding overlay when choosing to take a breath","invocations":1,"location":null,"numPassingAsserts":1,"retryReasons":[],"status":"passed","title":"opens the grounding overlay when choosing to take a breath"}],"endTime":1769442640313,"message":"","name":"/Users/mccal/CodingShenanigans/abridged/src/screens/__tests__/ArticleScreen.test.tsx","startTime":1769442640228,"status":"passed","summary":""},{"assertionResults":[{"ancestorTitles":["RssService cache and storage"],"duration":19,"failureDetails":[],"failureMessages":[],"fullName":"RssService cache and storage reuses cached articles when TTL is valid","invocations":1,"location":null,"numPassingAsserts":4,"retryReasons":[],"status":"passed","title":"reuses cached articles when TTL is valid"},{"ancestorTitles":["RssService cache and storage"],"duration":2,"failureDetails":[],"failureMessages":[],"fullName":"RssService cache and storage ignores cache when forceRefresh is true","invocations":1,"location":null,"numPassingAsserts":1,"retryReasons":[],"status":"passed","title":"ignores cache when forceRefresh is true"},{"ancestorTitles":["RssService cache and storage"],"duration":5,"failureDetails":[],"failureMessages":[],"fullName":"RssService cache and storage does not cache empty results","invocations":1,"location":null,"numPassingAsserts":4,"retryReasons":[],"status":"passed","title":"does not cache empty results"},{"ancestorTitles":["RssService cache and storage"],"duration":1,"failureDetails":[],"failureMessages":[],"fullName":"RssService cache and storage exposes cached articles via getCachedArticles","invocations":1,"location":null,"numPassingAsserts":2,"retryReasons":[],"status":"passed","title":"exposes cached articles via getCachedArticles"},{"ancestorTitles":["RssService cache and storage"],"duration":2,"failureDetails":[],"failureMessages":[],"fullName":"RssService cache and storage falls back to default-on sources if overrides disable all sources","invocations":1,"location":null,"numPassingAsserts":2,"retryReasons":[],"status":"passed","title":"falls back to default-on sources if overrides disable all sources"}],"endTime":1769442640370,"message":"","name":"/Users/mccal/CodingShenanigans/abridged/src/services/__tests__/RssService.test.ts","startTime":1769442640316,"status":"passed","summary":""},{"assertionResults":[{"ancestorTitles":["ArticleCard"],"duration":8,"failureDetails":[],"failureMessages":[],"fullName":"ArticleCard renders progress indicator and forwards press","invocations":1,"location":null,"numPassingAsserts":3,"retryReasons":[],"status":"passed","title":"renders progress indicator and forwards press"}],"endTime":1769442640422,"message":"","name":"/Users/mccal/CodingShenanigans/abridged/src/components/__tests__/ArticleCard.test.tsx","startTime":1769442640374,"status":"passed","summary":""},{"assertionResults":[{"ancestorTitles":["sanitizeTabs"],"duration":0,"failureDetails":[],"failureMessages":[],"fullName":"sanitizeTabs adds profile when missing and keeps max five tabs","invocations":1,"location":null,"numPassingAsserts":2,"retryReasons":[],"status":"passed","title":"adds profile when missing and keeps max five tabs"},{"ancestorTitles":["sanitizeTabs"],"duration":0,"failureDetails":[],"failureMessages":[],"fullName":"sanitizeTabs replaces last tab with profile if already at cap","invocations":1,"location":null,"numPassingAsserts":1,"retryReasons":[],"status":"passed","title":"replaces last tab with profile if already at cap"},{"ancestorTitles":["sanitizeTabs"],"duration":1,"failureDetails":[],"failureMessages":[],"fullName":"sanitizeTabs filters out unsupported tabs per layout","invocations":1,"location":null,"numPassingAsserts":1,"retryReasons":[],"status":"passed","title":"filters out unsupported tabs per layout"}],"endTime":1769442640453,"message":"","name":"/Users/mccal/CodingShenanigans/abridged/src/context/__tests__/SettingsContext.test.ts","startTime":1769442640424,"status":"passed","summary":""}],"wasInterrupted":false}
